<?xml version="1.0" encoding="UTF-8"?>
<!-- Generated by org.testng.reporters.JUnitXMLReporter -->
<testsuite hostname="LAPTOP-IT3C5ILE" name="Test" tests="3" failures="0" timestamp="24 Jun 2020 23:04:27 GMT" time="42.867" errors="0">
  <testcase name="verifyLogin" time="1.316" classname="TestCases.LogInTC001"/>
  <testcase name="verifyLogin" time="3.094" classname="TestCases.VerifyAddPayeeTC002"/>
  <testcase name="verifyPaybills" time="22.713" classname="TestCases.payBillsTC003"/>
</testsuite> <!-- Test -->
