<?xml version="1.0" encoding="UTF-8"?>
<!-- Generated by org.testng.reporters.JUnitXMLReporter -->
<testsuite hostname="LAPTOP-IT3C5ILE" ignored="0" name="Test" tests="3" failures="0" timestamp="2020-06-24T19:03:24 EDT" time="42.874" errors="0">
  <testcase name="verifyLogin" time="1.273" classname="TestCases.LogInTC001"/>
  <testcase name="verifyLogin" time="2.963" classname="TestCases.VerifyAddPayeeTC002"/>
  <testcase name="verifyPaybills" time="22.795" classname="TestCases.payBillsTC003"/>
</testsuite> <!-- Test -->
