<?xml version="1.0" encoding="UTF-8"?>
<testng-results skipped="0" failed="0" ignored="0" total="3" passed="3">
  <reporter-output>
  </reporter-output>
  <suite name="Suite" duration-ms="42874" started-at="2020-06-24T19:02:41 EDT" finished-at="2020-06-24T19:03:24 EDT">
    <groups>
    </groups>
    <test name="Test" duration-ms="42874" started-at="2020-06-24T19:02:41 EDT" finished-at="2020-06-24T19:03:24 EDT">
      <class name="TestCases.VerifyAddPayeeTC002">
        <test-method status="PASS" signature="setUp()[pri:0, instance:TestCases.VerifyAddPayeeTC002@69ea3742]" name="setUp" is-config="true" duration-ms="4602" started-at="2020-06-24T19:02:49 EDT" finished-at="2020-06-24T19:02:53 EDT">
          <reporter-output>
          </reporter-output>
        </test-method> <!-- setUp -->
        <test-method status="PASS" signature="verifyLogin()[pri:0, instance:TestCases.VerifyAddPayeeTC002@69ea3742]" name="verifyLogin" duration-ms="2963" started-at="2020-06-24T19:02:53 EDT" finished-at="2020-06-24T19:02:56 EDT">
          <reporter-output>
          </reporter-output>
        </test-method> <!-- verifyLogin -->
        <test-method status="PASS" signature="tearDown()[pri:0, instance:TestCases.VerifyAddPayeeTC002@69ea3742]" name="tearDown" is-config="true" duration-ms="765" started-at="2020-06-24T19:02:56 EDT" finished-at="2020-06-24T19:02:57 EDT">
          <reporter-output>
          </reporter-output>
        </test-method> <!-- tearDown -->
      </class> <!-- TestCases.VerifyAddPayeeTC002 -->
      <class name="TestCases.payBillsTC003">
        <test-method status="PASS" signature="setUp()[pri:0, instance:TestCases.payBillsTC003@4b952a2d]" name="setUp" is-config="true" duration-ms="3574" started-at="2020-06-24T19:02:57 EDT" finished-at="2020-06-24T19:03:01 EDT">
          <reporter-output>
          </reporter-output>
        </test-method> <!-- setUp -->
        <test-method status="PASS" signature="verifyPaybills()[pri:0, instance:TestCases.payBillsTC003@4b952a2d]" name="verifyPaybills" duration-ms="22795" started-at="2020-06-24T19:03:01 EDT" finished-at="2020-06-24T19:03:23 EDT">
          <reporter-output>
          </reporter-output>
        </test-method> <!-- verifyPaybills -->
        <test-method status="PASS" signature="tearDown()[pri:0, instance:TestCases.payBillsTC003@4b952a2d]" name="tearDown" is-config="true" duration-ms="745" started-at="2020-06-24T19:03:23 EDT" finished-at="2020-06-24T19:03:24 EDT">
          <reporter-output>
          </reporter-output>
        </test-method> <!-- tearDown -->
      </class> <!-- TestCases.payBillsTC003 -->
      <class name="TestCases.LogInTC001">
        <test-method status="PASS" signature="setUp()[pri:0, instance:TestCases.LogInTC001@5702b3b1]" name="setUp" is-config="true" duration-ms="5350" started-at="2020-06-24T19:02:41 EDT" finished-at="2020-06-24T19:02:47 EDT">
          <reporter-output>
          </reporter-output>
        </test-method> <!-- setUp -->
        <test-method status="PASS" signature="verifyLogin()[pri:0, instance:TestCases.LogInTC001@5702b3b1]" name="verifyLogin" duration-ms="1273" started-at="2020-06-24T19:02:47 EDT" finished-at="2020-06-24T19:02:48 EDT">
          <reporter-output>
          </reporter-output>
        </test-method> <!-- verifyLogin -->
        <test-method status="PASS" signature="tearDown()[pri:0, instance:TestCases.LogInTC001@5702b3b1]" name="tearDown" is-config="true" duration-ms="723" started-at="2020-06-24T19:02:48 EDT" finished-at="2020-06-24T19:02:49 EDT">
          <reporter-output>
          </reporter-output>
        </test-method> <!-- tearDown -->
      </class> <!-- TestCases.LogInTC001 -->
    </test> <!-- Test -->
  </suite> <!-- Suite -->
</testng-results>
